[INFO] Scanning for projects...
[INFO] ------------------------------------------------------------------------
[INFO] Building JAXWS Interop Sample
[INFO]    task-segment: [package]
[INFO] ------------------------------------------------------------------------
Downloading: http://repo1.maven.org/maven2/org/apache/maven/plugins/maven-compiler-plugin/2.3.2/maven-compiler-plugin-2.3.2.pom
7K downloaded  (maven-compiler-plugin-2.3.2.pom)
Downloading: http://repo1.maven.org/maven2/org/apache/maven/plugins/maven-compiler-plugin/2.3.2/maven-compiler-plugin-2.3.2.jar
28K downloaded  (maven-compiler-plugin-2.3.2.jar)
Downloading: http://repo1.maven.org/maven2/org/apache/maven/plugins/maven-jar-plugin/2.3.2/maven-jar-plugin-2.3.2.pom
5K downloaded  (maven-jar-plugin-2.3.2.pom)
Downloading: http://repo1.maven.org/maven2/org/apache/maven/plugins/maven-plugins/21/maven-plugins-21.pom
12K downloaded  (maven-plugins-21.pom)
Downloading: http://repo1.maven.org/maven2/org/apache/maven/plugins/maven-jar-plugin/2.3.2/maven-jar-plugin-2.3.2.jar
31K downloaded  (maven-jar-plugin-2.3.2.jar)
[INFO] [resources:resources {execution: default-resources}]
[WARNING] Using platform encoding (UTF-8 actually) to copy filtered resources, i.e. build is platform dependent!
[INFO] Copying 4 resources
Downloading: http://repo1.maven.org/maven2/javax/xml/bind/jaxb-api/2.1/jaxb-api-2.1.pom
486b downloaded  (jaxb-api-2.1.pom)
[INFO] snapshot org.apache.axis2:axis2-parent:1.7.0-SNAPSHOT: checking for updates from apache.snapshots
Downloading: http://repo1.maven.org/maven2/org/apache/geronimo/specs/geronimo-activation_1.1_spec/1.1/geronimo-activation_1.1_spec-1.1.pom
4K downloaded  (geronimo-activation_1.1_spec-1.1.pom)
Downloading: http://files.couchbase.com/maven2//commons-codec/commons-codec/1.6/commons-codec-1.6.pom
[INFO] Unable to find resource 'commons-codec:commons-codec:pom:1.6' in repository spy (http://files.couchbase.com/maven2/)
Downloading: http://repo1.maven.org/maven2/commons-codec/commons-codec/1.6/commons-codec-1.6.pom
10K downloaded  (commons-codec-1.6.pom)
Downloading: http://repo1.maven.org/maven2/commons-codec/commons-codec/1.2/commons-codec-1.2.pom
3K downloaded  (commons-codec-1.2.pom)
Downloading: http://files.couchbase.com/maven2//commons-codec/commons-codec/1.6/commons-codec-1.6.jar
Downloading: http://repo1.maven.org/maven2/javax/xml/bind/jaxb-api/2.1/jaxb-api-2.1.jar
Downloading: http://repo1.maven.org/maven2/org/apache/geronimo/specs/geronimo-activation_1.1_spec/1.1/geronimo-activation_1.1_spec-1.1.jar
[INFO] Unable to find resource 'commons-codec:commons-codec:jar:1.6' in repository spy (http://files.couchbase.com/maven2/)
Downloading: http://repo1.maven.org/maven2/commons-codec/commons-codec/1.6/commons-codec-1.6.jar
46K downloaded  (geronimo-activation_1.1_spec-1.1.jar)
227K downloaded  (commons-codec-1.6.jar)
87K downloaded  (jaxb-api-2.1.jar)
Downloading: http://repo1.maven.org/maven2/org/codehaus/plexus/plexus-compiler-api/1.8.1/plexus-compiler-api-1.8.1.pom
805b downloaded  (plexus-compiler-api-1.8.1.pom)
Downloading: http://repo1.maven.org/maven2/org/codehaus/plexus/plexus-compiler/1.8.1/plexus-compiler-1.8.1.pom
3K downloaded  (plexus-compiler-1.8.1.pom)
Downloading: http://repo1.maven.org/maven2/org/codehaus/plexus/plexus-compiler-manager/1.8.1/plexus-compiler-manager-1.8.1.pom
713b downloaded  (plexus-compiler-manager-1.8.1.pom)
Downloading: http://repo1.maven.org/maven2/org/codehaus/plexus/plexus-compiler-javac/1.8.1/plexus-compiler-javac-1.8.1.pom
710b downloaded  (plexus-compiler-javac-1.8.1.pom)
Downloading: http://repo1.maven.org/maven2/org/codehaus/plexus/plexus-compilers/1.8.1/plexus-compilers-1.8.1.pom
1K downloaded  (plexus-compilers-1.8.1.pom)
Downloading: http://repo1.maven.org/maven2/org/codehaus/plexus/plexus-compiler-api/1.8.1/plexus-compiler-api-1.8.1.jar
19K downloaded  (plexus-compiler-api-1.8.1.jar)
Downloading: http://repo1.maven.org/maven2/org/codehaus/plexus/plexus-compiler-manager/1.8.1/plexus-compiler-manager-1.8.1.jar
5K downloaded  (plexus-compiler-manager-1.8.1.jar)
Downloading: http://repo1.maven.org/maven2/org/codehaus/plexus/plexus-compiler-javac/1.8.1/plexus-compiler-javac-1.8.1.jar
12K downloaded  (plexus-compiler-javac-1.8.1.jar)
[INFO] [compiler:compile {execution: default-compile}]
[WARNING] File encoding has not been set, using platform encoding UTF-8, i.e. build is platform dependent!
[INFO] Compiling 9 source files to /home/osan/teamAmericany/repo/trunk/modules/distribution/target/axis2-1.7.0-SNAPSHOT/samples/jaxws-interop/target/classes
[INFO] [resources:testResources {execution: default-testResources}]
[WARNING] Using platform encoding (UTF-8 actually) to copy filtered resources, i.e. build is platform dependent!
[INFO] skip non existing resourceDirectory /home/osan/teamAmericany/repo/trunk/modules/distribution/target/axis2-1.7.0-SNAPSHOT/samples/jaxws-interop/src/test/resources
[INFO] [compiler:testCompile {execution: default-testCompile}]
[INFO] No sources to compile
[INFO] [surefire:test {execution: default-test}]
[INFO] No tests to run.
[INFO] Surefire report directory: /home/osan/teamAmericany/repo/trunk/modules/distribution/target/axis2-1.7.0-SNAPSHOT/samples/jaxws-interop/target/surefire-reports

-------------------------------------------------------
 T E S T S
-------------------------------------------------------

Results :

Tests run: 0, Failures: 0, Errors: 0, Skipped: 0

Downloading: http://repo1.maven.org/maven2/org/apache/maven/maven-archiver/2.4.2/maven-archiver-2.4.2.pom
3K downloaded  (maven-archiver-2.4.2.pom)
Downloading: http://repo1.maven.org/maven2/org/apache/maven/shared/maven-shared-components/16/maven-shared-components-16.pom
8K downloaded  (maven-shared-components-16.pom)
Downloading: http://repo1.maven.org/maven2/org/apache/maven/maven-parent/19/maven-parent-19.pom
24K downloaded  (maven-parent-19.pom)
Downloading: http://repo1.maven.org/maven2/org/codehaus/plexus/plexus-archiver/2.0.1/plexus-archiver-2.0.1.pom
2K downloaded  (plexus-archiver-2.0.1.pom)
Downloading: http://repo1.maven.org/maven2/org/codehaus/plexus/plexus-io/2.0.1/plexus-io-2.0.1.pom
1K downloaded  (plexus-io-2.0.1.pom)
Downloading: http://repo1.maven.org/maven2/org/codehaus/plexus/plexus-archiver/2.0.1/plexus-archiver-2.0.1.jar
Downloading: http://repo1.maven.org/maven2/org/apache/maven/maven-archiver/2.4.2/maven-archiver-2.4.2.jar
19K downloaded  (maven-archiver-2.4.2.jar)
175K downloaded  (plexus-archiver-2.0.1.jar)
Downloading: http://repo1.maven.org/maven2/org/codehaus/plexus/plexus-io/2.0.1/plexus-io-2.0.1.jar
56K downloaded  (plexus-io-2.0.1.jar)
[INFO] [jar:jar {execution: default-jar}]
[INFO] Building jar: /home/osan/teamAmericany/repo/trunk/modules/distribution/target/axis2-1.7.0-SNAPSHOT/samples/jaxws-interop/target/jaxws-interop-1.7.0-SNAPSHOT.jar
[INFO] ------------------------------------------------------------------------
[INFO] BUILD SUCCESSFUL
[INFO] ------------------------------------------------------------------------
[INFO] Total time: 32 seconds
[INFO] Finished at: Wed Sep 02 00:28:07 BDT 2015
[INFO] Final Memory: 29M/225M
[INFO] ------------------------------------------------------------------------
