[INFO] Scanning for projects...
[INFO] ------------------------------------------------------------------------
[INFO] Building JAXWS Addressbook Service
[INFO]    task-segment: [package]
[INFO] ------------------------------------------------------------------------
Downloading: http://repo1.maven.org/maven2/org/apache/maven/plugins/maven-jar-plugin/2.3.1/maven-jar-plugin-2.3.1.pom
5K downloaded  (maven-jar-plugin-2.3.1.pom)
Downloading: http://repo1.maven.org/maven2/org/apache/maven/plugins/maven-jar-plugin/2.3.1/maven-jar-plugin-2.3.1.jar
31K downloaded  (maven-jar-plugin-2.3.1.jar)
Downloading: http://repo1.maven.org/maven2/org/apache/maven/plugins/maven-antrun-plugin/1.3/maven-antrun-plugin-1.3.pom
4K downloaded  (maven-antrun-plugin-1.3.pom)
Downloading: http://repo1.maven.org/maven2/org/apache/maven/plugins/maven-antrun-plugin/1.3/maven-antrun-plugin-1.3.jar
23K downloaded  (maven-antrun-plugin-1.3.jar)
Downloading: http://repo1.maven.org/maven2/org/codehaus/mojo/build-helper-maven-plugin/1.5/build-helper-maven-plugin-1.5.pom
4K downloaded  (build-helper-maven-plugin-1.5.pom)
Downloading: http://repo1.maven.org/maven2/org/codehaus/mojo/mojo-parent/23/mojo-parent-23.pom
22K downloaded  (mojo-parent-23.pom)
Downloading: http://repo1.maven.org/maven2/org/codehaus/mojo/build-helper-maven-plugin/1.5/build-helper-maven-plugin-1.5.jar
23K downloaded  (build-helper-maven-plugin-1.5.jar)
Downloading: http://repo1.maven.org/maven2/org/apache/maven/maven-repository-metadata/2.0.4/maven-repository-metadata-2.0.4.pom
1K downloaded  (maven-repository-metadata-2.0.4.pom)
[INFO] [antrun:run {execution: gen-sources}]
[INFO] Executing tasks
    [mkdir] Created dir: /home/osan/teamAmericany/repo/trunk/modules/distribution/target/axis2-1.7.0-SNAPSHOT/samples/jaxws-addressbook/target/schema
    [mkdir] Created dir: /home/osan/teamAmericany/repo/trunk/modules/distribution/target/axis2-1.7.0-SNAPSHOT/samples/jaxws-addressbook/target/schema/src
    [mkdir] Created dir: /home/osan/teamAmericany/repo/trunk/modules/distribution/target/axis2-1.7.0-SNAPSHOT/samples/jaxws-addressbook/target/schema/classes
     [echo] Generating java from echo.xsd
     [java] parsing a schema...
     [java] compiling a schema...
     [java] org/apache/axis2/jaxws/addressbook/AddressBookEntry.java
     [java] org/apache/axis2/jaxws/addressbook/ObjectFactory.java
     [java] org/apache/axis2/jaxws/addressbook/package-info.java
[INFO] Executed tasks
[INFO] [resources:resources {execution: default-resources}]
[WARNING] Using platform encoding (UTF-8 actually) to copy filtered resources, i.e. build is platform dependent!
[INFO] skip non existing resourceDirectory /home/osan/teamAmericany/repo/trunk/modules/distribution/target/axis2-1.7.0-SNAPSHOT/samples/jaxws-addressbook/resources
Downloading: http://repo1.maven.org/maven2/org/apache/maven/maven-plugin-api/2.0.2/maven-plugin-api-2.0.2.pom
643b downloaded  (maven-plugin-api-2.0.2.pom)
[INFO] [build-helper:add-source {execution: add-sources}]
[INFO] Source directory: /home/osan/teamAmericany/repo/trunk/modules/distribution/target/axis2-1.7.0-SNAPSHOT/samples/jaxws-addressbook/target/schema/src added.
[INFO] [compiler:compile {execution: default-compile}]
[WARNING] File encoding has not been set, using platform encoding UTF-8, i.e. build is platform dependent!
[INFO] Compiling 6 source files to /home/osan/teamAmericany/repo/trunk/modules/distribution/target/axis2-1.7.0-SNAPSHOT/samples/jaxws-addressbook/target/classes
[INFO] [resources:testResources {execution: default-testResources}]
[WARNING] Using platform encoding (UTF-8 actually) to copy filtered resources, i.e. build is platform dependent!
[INFO] skip non existing resourceDirectory /home/osan/teamAmericany/repo/trunk/modules/distribution/target/axis2-1.7.0-SNAPSHOT/samples/jaxws-addressbook/src/test/resources
[INFO] [compiler:testCompile {execution: default-testCompile}]
[INFO] No sources to compile
[INFO] [surefire:test {execution: default-test}]
[INFO] No tests to run.
[INFO] Surefire report directory: /home/osan/teamAmericany/repo/trunk/modules/distribution/target/axis2-1.7.0-SNAPSHOT/samples/jaxws-addressbook/target/surefire-reports

-------------------------------------------------------
 T E S T S
-------------------------------------------------------

Results :

Tests run: 0, Failures: 0, Errors: 0, Skipped: 0

Downloading: http://repo1.maven.org/maven2/org/codehaus/plexus/plexus-archiver/1.0/plexus-archiver-1.0.jar
173K downloaded  (plexus-archiver-1.0.jar)
Downloading: http://repo1.maven.org/maven2/org/codehaus/plexus/plexus-io/1.0/plexus-io-1.0.jar
49K downloaded  (plexus-io-1.0.jar)
[INFO] [jar:jar {execution: default-jar}]
[INFO] Building jar: /home/osan/teamAmericany/repo/trunk/modules/distribution/target/axis2-1.7.0-SNAPSHOT/samples/jaxws-addressbook/target/jaxws-addressbook-1.7.0-SNAPSHOT.jar
[INFO] [jar:jar {execution: generate-client-jar}]
[INFO] Building jar: /home/osan/teamAmericany/repo/trunk/modules/distribution/target/axis2-1.7.0-SNAPSHOT/samples/jaxws-addressbook/target/jaxws-addressbook-1.7.0-SNAPSHOT-client.jar
[INFO] ------------------------------------------------------------------------
[INFO] BUILD SUCCESSFUL
[INFO] ------------------------------------------------------------------------
[INFO] Total time: 24 seconds
[INFO] Finished at: Wed Sep 02 00:29:51 BDT 2015
[INFO] Final Memory: 33M/294M
[INFO] ------------------------------------------------------------------------
